2015-12-09 08:53:20 [127.0.0.1][-][-][error][yii\base\ErrorException:2] exception 'yii\base\ErrorException' with message 'Invalid argument supplied for foreach()' in /var/www/anainaskincare/api/controllers/LaporanController.php:298
Stack trace:
#0 /var/www/anainaskincare/api/controllers/LaporanController.php(298): yii\base\ErrorHandler->handleError(2, 'Invalid argumen...', '/var/www/anaina...', 298, Array)
#1 [internal function]: app\controllers\LaporanController->actionKartustok()
#2 /var/www/anainaskincare/api/vendor/yiisoft/yii2/base/InlineAction.php(55): call_user_func_array(Array, Array)
#3 /var/www/anainaskincare/api/vendor/yiisoft/yii2/base/Controller.php(151): yii\base\InlineAction->runWithParams(Array)
#4 /var/www/anainaskincare/api/vendor/yiisoft/yii2/base/Module.php(455): yii\base\Controller->runAction('kartustok', Array)
#5 /var/www/anainaskincare/api/vendor/yiisoft/yii2/web/Application.php(84): yii\base\Module->runAction('laporan/kartust...', Array)
#6 /var/www/anainaskincare/api/vendor/yiisoft/yii2/base/Application.php(375): yii\web\Application->handleRequest(Object(yii\web\Request))
#7 /var/www/anainaskincare/api/web/index.php(12): yii\base\Application->run()
#8 {main}
2015-12-09 08:53:20 [127.0.0.1][-][-][info][application] $_COOKIE = [
    'YII_CSRF_TOKEN' => '5c6f32a2e0c1911c889ef823b22be4a4e8d82950'
    'PHPSESSID' => 'chp6f4cfqfieq845ka1fkg2571'
]

$_SERVER = [
    'REDIRECT_STATUS' => '200'
    'HTTP_HOST' => 'localhost'
    'HTTP_CONNECTION' => 'keep-alive'
    'CONTENT_LENGTH' => '539'
    'HTTP_PRAGMA' => 'no-cache'
    'HTTP_CACHE_CONTROL' => 'no-cache'
    'HTTP_ACCEPT' => 'application/json, text/plain, */*'
    'HTTP_ORIGIN' => 'http://localhost'
    'HTTP_USER_AGENT' => 'Mozilla/5.0 (X11; Linux i686 (x86_64)) AppleWebKit/537.36 (KHTML, like Gecko) Chrome/47.0.2526.73 Safari/537.36'
    'CONTENT_TYPE' => 'application/x-www-form-urlencoded'
    'HTTP_REFERER' => 'http://localhost/anainaskincare/'
    'HTTP_ACCEPT_ENCODING' => 'gzip, deflate'
    'HTTP_ACCEPT_LANGUAGE' => 'en-US,en;q=0.8,id;q=0.6,ms;q=0.4'
    'HTTP_COOKIE' => 'YII_CSRF_TOKEN=5c6f32a2e0c1911c889ef823b22be4a4e8d82950; PHPSESSID=chp6f4cfqfieq845ka1fkg2571'
    'PATH' => '/usr/local/sbin:/usr/local/bin:/usr/sbin:/usr/bin:/sbin:/bin'
    'SERVER_SIGNATURE' => '<address>Apache/2.4.7 (Ubuntu) Server at localhost Port 80</address>
'
    'SERVER_SOFTWARE' => 'Apache/2.4.7 (Ubuntu)'
    'SERVER_NAME' => 'localhost'
    'SERVER_ADDR' => '127.0.0.1'
    'SERVER_PORT' => '80'
    'REMOTE_ADDR' => '127.0.0.1'
    'DOCUMENT_ROOT' => '/var/www'
    'REQUEST_SCHEME' => 'http'
    'CONTEXT_PREFIX' => ''
    'CONTEXT_DOCUMENT_ROOT' => '/var/www'
    'SERVER_ADMIN' => 'webmaster@localhost'
    'SCRIPT_FILENAME' => '/var/www/anainaskincare/api/web/index.php'
    'REMOTE_PORT' => '58300'
    'REDIRECT_URL' => '/anainaskincare/api/web/laporan/kartustok/'
    'GATEWAY_INTERFACE' => 'CGI/1.1'
    'SERVER_PROTOCOL' => 'HTTP/1.1'
    'REQUEST_METHOD' => 'POST'
    'QUERY_STRING' => ''
    'REQUEST_URI' => '/anainaskincare/api/web/laporan/kartustok/'
    'SCRIPT_NAME' => '/anainaskincare/api/web/index.php'
    'PHP_SELF' => '/anainaskincare/api/web/index.php'
    'REQUEST_TIME_FLOAT' => 1449626000.336
    'REQUEST_TIME' => 1449626000
]
2015-12-09 09:04:00 [127.0.0.1][-][-][error][yii\base\ErrorException:2] exception 'yii\base\ErrorException' with message 'Invalid argument supplied for foreach()' in /var/www/anainaskincare/api/controllers/LaporanController.php:298
Stack trace:
#0 /var/www/anainaskincare/api/controllers/LaporanController.php(298): yii\base\ErrorHandler->handleError(2, 'Invalid argumen...', '/var/www/anaina...', 298, Array)
#1 [internal function]: app\controllers\LaporanController->actionKartustok()
#2 /var/www/anainaskincare/api/vendor/yiisoft/yii2/base/InlineAction.php(55): call_user_func_array(Array, Array)
#3 /var/www/anainaskincare/api/vendor/yiisoft/yii2/base/Controller.php(151): yii\base\InlineAction->runWithParams(Array)
#4 /var/www/anainaskincare/api/vendor/yiisoft/yii2/base/Module.php(455): yii\base\Controller->runAction('kartustok', Array)
#5 /var/www/anainaskincare/api/vendor/yiisoft/yii2/web/Application.php(84): yii\base\Module->runAction('laporan/kartust...', Array)
#6 /var/www/anainaskincare/api/vendor/yiisoft/yii2/base/Application.php(375): yii\web\Application->handleRequest(Object(yii\web\Request))
#7 /var/www/anainaskincare/api/web/index.php(12): yii\base\Application->run()
#8 {main}
2015-12-09 09:04:00 [127.0.0.1][-][-][info][application] $_COOKIE = [
    'YII_CSRF_TOKEN' => '5c6f32a2e0c1911c889ef823b22be4a4e8d82950'
    'PHPSESSID' => 'chp6f4cfqfieq845ka1fkg2571'
]

$_SERVER = [
    'REDIRECT_STATUS' => '200'
    'HTTP_HOST' => 'localhost'
    'HTTP_CONNECTION' => 'keep-alive'
    'CONTENT_LENGTH' => '539'
    'HTTP_ACCEPT' => 'application/json, text/plain, */*'
    'HTTP_ORIGIN' => 'http://localhost'
    'HTTP_USER_AGENT' => 'Mozilla/5.0 (X11; Linux i686 (x86_64)) AppleWebKit/537.36 (KHTML, like Gecko) Chrome/47.0.2526.73 Safari/537.36'
    'CONTENT_TYPE' => 'application/x-www-form-urlencoded'
    'HTTP_REFERER' => 'http://localhost/anainaskincare/'
    'HTTP_ACCEPT_ENCODING' => 'gzip, deflate'
    'HTTP_ACCEPT_LANGUAGE' => 'en-US,en;q=0.8,id;q=0.6,ms;q=0.4'
    'HTTP_COOKIE' => 'YII_CSRF_TOKEN=5c6f32a2e0c1911c889ef823b22be4a4e8d82950; PHPSESSID=chp6f4cfqfieq845ka1fkg2571'
    'PATH' => '/usr/local/sbin:/usr/local/bin:/usr/sbin:/usr/bin:/sbin:/bin'
    'SERVER_SIGNATURE' => '<address>Apache/2.4.7 (Ubuntu) Server at localhost Port 80</address>
'
    'SERVER_SOFTWARE' => 'Apache/2.4.7 (Ubuntu)'
    'SERVER_NAME' => 'localhost'
    'SERVER_ADDR' => '127.0.0.1'
    'SERVER_PORT' => '80'
    'REMOTE_ADDR' => '127.0.0.1'
    'DOCUMENT_ROOT' => '/var/www'
    'REQUEST_SCHEME' => 'http'
    'CONTEXT_PREFIX' => ''
    'CONTEXT_DOCUMENT_ROOT' => '/var/www'
    'SERVER_ADMIN' => 'webmaster@localhost'
    'SCRIPT_FILENAME' => '/var/www/anainaskincare/api/web/index.php'
    'REMOTE_PORT' => '58340'
    'REDIRECT_URL' => '/anainaskincare/api/web/laporan/kartustok/'
    'GATEWAY_INTERFACE' => 'CGI/1.1'
    'SERVER_PROTOCOL' => 'HTTP/1.1'
    'REQUEST_METHOD' => 'POST'
    'QUERY_STRING' => ''
    'REQUEST_URI' => '/anainaskincare/api/web/laporan/kartustok/'
    'SCRIPT_NAME' => '/anainaskincare/api/web/index.php'
    'PHP_SELF' => '/anainaskincare/api/web/index.php'
    'REQUEST_TIME_FLOAT' => 1449626640.749
    'REQUEST_TIME' => 1449626640
]
2015-12-17 10:38:27 [127.0.0.1][-][-][error][yii\base\ErrorException:8] exception 'yii\base\ErrorException' with message 'Undefined index: kategori_id' in /var/www/anainaskincare/api/controllers/LaporanController.php:618
Stack trace:
#0 /var/www/anainaskincare/api/controllers/LaporanController.php(618): yii\base\ErrorHandler->handleError(8, 'Undefined index...', '/var/www/anaina...', 618, Array)
#1 [internal function]: app\controllers\LaporanController->actionKartustok()
#2 /var/www/anainaskincare/api/vendor/yiisoft/yii2/base/InlineAction.php(55): call_user_func_array(Array, Array)
#3 /var/www/anainaskincare/api/vendor/yiisoft/yii2/base/Controller.php(151): yii\base\InlineAction->runWithParams(Array)
#4 /var/www/anainaskincare/api/vendor/yiisoft/yii2/base/Module.php(455): yii\base\Controller->runAction('kartustok', Array)
#5 /var/www/anainaskincare/api/vendor/yiisoft/yii2/web/Application.php(84): yii\base\Module->runAction('laporan/kartust...', Array)
#6 /var/www/anainaskincare/api/vendor/yiisoft/yii2/base/Application.php(375): yii\web\Application->handleRequest(Object(yii\web\Request))
#7 /var/www/anainaskincare/api/web/index.php(12): yii\base\Application->run()
#8 {main}
2015-12-17 10:38:27 [127.0.0.1][-][-][info][application] $_COOKIE = [
    'YII_CSRF_TOKEN' => '5c6f32a2e0c1911c889ef823b22be4a4e8d82950'
    'PHPSESSID' => 'chp6f4cfqfieq845ka1fkg2571'
]

$_SERVER = [
    'REDIRECT_STATUS' => '200'
    'HTTP_HOST' => 'localhost'
    'HTTP_CONNECTION' => 'keep-alive'
    'CONTENT_LENGTH' => '105'
    'HTTP_ACCEPT' => 'application/json, text/plain, */*'
    'HTTP_ORIGIN' => 'http://localhost'
    'HTTP_USER_AGENT' => 'Mozilla/5.0 (X11; Linux i686 (x86_64)) AppleWebKit/537.36 (KHTML, like Gecko) Chrome/47.0.2526.80 Safari/537.36'
    'CONTENT_TYPE' => 'application/x-www-form-urlencoded'
    'HTTP_REFERER' => 'http://localhost/anainaskincare/'
    'HTTP_ACCEPT_ENCODING' => 'gzip, deflate'
    'HTTP_ACCEPT_LANGUAGE' => 'en-US,en;q=0.8,id;q=0.6,ms;q=0.4'
    'HTTP_COOKIE' => 'YII_CSRF_TOKEN=5c6f32a2e0c1911c889ef823b22be4a4e8d82950; PHPSESSID=chp6f4cfqfieq845ka1fkg2571'
    'PATH' => '/usr/local/sbin:/usr/local/bin:/usr/sbin:/usr/bin:/sbin:/bin'
    'SERVER_SIGNATURE' => '<address>Apache/2.4.7 (Ubuntu) Server at localhost Port 80</address>
'
    'SERVER_SOFTWARE' => 'Apache/2.4.7 (Ubuntu)'
    'SERVER_NAME' => 'localhost'
    'SERVER_ADDR' => '127.0.0.1'
    'SERVER_PORT' => '80'
    'REMOTE_ADDR' => '127.0.0.1'
    'DOCUMENT_ROOT' => '/var/www'
    'REQUEST_SCHEME' => 'http'
    'CONTEXT_PREFIX' => ''
    'CONTEXT_DOCUMENT_ROOT' => '/var/www'
    'SERVER_ADMIN' => 'webmaster@localhost'
    'SCRIPT_FILENAME' => '/var/www/anainaskincare/api/web/index.php'
    'REMOTE_PORT' => '53267'
    'REDIRECT_URL' => '/anainaskincare/api/web/laporan/kartustok/'
    'GATEWAY_INTERFACE' => 'CGI/1.1'
    'SERVER_PROTOCOL' => 'HTTP/1.1'
    'REQUEST_METHOD' => 'POST'
    'QUERY_STRING' => ''
    'REQUEST_URI' => '/anainaskincare/api/web/laporan/kartustok/'
    'SCRIPT_NAME' => '/anainaskincare/api/web/index.php'
    'PHP_SELF' => '/anainaskincare/api/web/index.php'
    'REQUEST_TIME_FLOAT' => 1450323507.201
    'REQUEST_TIME' => 1450323507
]
2015-12-17 10:39:51 [127.0.0.1][-][-][error][yii\base\ErrorException:8] exception 'yii\base\ErrorException' with message 'Undefined index: supplier' in /var/www/anainaskincare/api/controllers/PembelianController.php:180
Stack trace:
#0 /var/www/anainaskincare/api/controllers/PembelianController.php(180): yii\base\ErrorHandler->handleError(8, 'Undefined index...', '/var/www/anaina...', 180, Array)
#1 [internal function]: app\controllers\PembelianController->actionCreate()
#2 /var/www/anainaskincare/api/vendor/yiisoft/yii2/base/InlineAction.php(55): call_user_func_array(Array, Array)
#3 /var/www/anainaskincare/api/vendor/yiisoft/yii2/base/Controller.php(151): yii\base\InlineAction->runWithParams(Array)
#4 /var/www/anainaskincare/api/vendor/yiisoft/yii2/base/Module.php(455): yii\base\Controller->runAction('create', Array)
#5 /var/www/anainaskincare/api/vendor/yiisoft/yii2/web/Application.php(84): yii\base\Module->runAction('pembelian/creat...', Array)
#6 /var/www/anainaskincare/api/vendor/yiisoft/yii2/base/Application.php(375): yii\web\Application->handleRequest(Object(yii\web\Request))
#7 /var/www/anainaskincare/api/web/index.php(12): yii\base\Application->run()
#8 {main}
2015-12-17 10:39:51 [127.0.0.1][-][-][info][application] $_COOKIE = [
    'YII_CSRF_TOKEN' => '5c6f32a2e0c1911c889ef823b22be4a4e8d82950'
    'PHPSESSID' => 'chp6f4cfqfieq845ka1fkg2571'
]

$_SERVER = [
    'REDIRECT_STATUS' => '200'
    'HTTP_HOST' => 'localhost'
    'HTTP_CONNECTION' => 'keep-alive'
    'CONTENT_LENGTH' => '779'
    'HTTP_PRAGMA' => 'no-cache'
    'HTTP_CACHE_CONTROL' => 'no-cache'
    'HTTP_ACCEPT' => 'application/json, text/plain, */*'
    'HTTP_ORIGIN' => 'http://localhost'
    'HTTP_USER_AGENT' => 'Mozilla/5.0 (X11; Linux i686 (x86_64)) AppleWebKit/537.36 (KHTML, like Gecko) Chrome/47.0.2526.80 Safari/537.36'
    'CONTENT_TYPE' => 'application/x-www-form-urlencoded'
    'HTTP_REFERER' => 'http://localhost/anainaskincare/'
    'HTTP_ACCEPT_ENCODING' => 'gzip, deflate'
    'HTTP_ACCEPT_LANGUAGE' => 'en-US,en;q=0.8,id;q=0.6,ms;q=0.4'
    'HTTP_COOKIE' => 'YII_CSRF_TOKEN=5c6f32a2e0c1911c889ef823b22be4a4e8d82950; PHPSESSID=chp6f4cfqfieq845ka1fkg2571'
    'PATH' => '/usr/local/sbin:/usr/local/bin:/usr/sbin:/usr/bin:/sbin:/bin'
    'SERVER_SIGNATURE' => '<address>Apache/2.4.7 (Ubuntu) Server at localhost Port 80</address>
'
    'SERVER_SOFTWARE' => 'Apache/2.4.7 (Ubuntu)'
    'SERVER_NAME' => 'localhost'
    'SERVER_ADDR' => '127.0.0.1'
    'SERVER_PORT' => '80'
    'REMOTE_ADDR' => '127.0.0.1'
    'DOCUMENT_ROOT' => '/var/www'
    'REQUEST_SCHEME' => 'http'
    'CONTEXT_PREFIX' => ''
    'CONTEXT_DOCUMENT_ROOT' => '/var/www'
    'SERVER_ADMIN' => 'webmaster@localhost'
    'SCRIPT_FILENAME' => '/var/www/anainaskincare/api/web/index.php'
    'REMOTE_PORT' => '53280'
    'REDIRECT_URL' => '/anainaskincare/api/web/pembelian/create'
    'GATEWAY_INTERFACE' => 'CGI/1.1'
    'SERVER_PROTOCOL' => 'HTTP/1.1'
    'REQUEST_METHOD' => 'POST'
    'QUERY_STRING' => ''
    'REQUEST_URI' => '/anainaskincare/api/web/pembelian/create'
    'SCRIPT_NAME' => '/anainaskincare/api/web/index.php'
    'PHP_SELF' => '/anainaskincare/api/web/index.php'
    'REQUEST_TIME_FLOAT' => 1450323591.712
    'REQUEST_TIME' => 1450323591
]
2015-12-17 13:56:48 [127.0.0.1][-][-][error][yii\base\ErrorException:8] exception 'yii\base\ErrorException' with message 'Undefined variable: body' in /var/www/anainaskincare/api/controllers/LaporanController.php:800
Stack trace:
#0 /var/www/anainaskincare/api/controllers/LaporanController.php(800): yii\base\ErrorHandler->handleError(8, 'Undefined varia...', '/var/www/anaina...', 800, Array)
#1 [internal function]: app\controllers\LaporanController->actionKartustok()
#2 /var/www/anainaskincare/api/vendor/yiisoft/yii2/base/InlineAction.php(55): call_user_func_array(Array, Array)
#3 /var/www/anainaskincare/api/vendor/yiisoft/yii2/base/Controller.php(151): yii\base\InlineAction->runWithParams(Array)
#4 /var/www/anainaskincare/api/vendor/yiisoft/yii2/base/Module.php(455): yii\base\Controller->runAction('kartustok', Array)
#5 /var/www/anainaskincare/api/vendor/yiisoft/yii2/web/Application.php(84): yii\base\Module->runAction('laporan/kartust...', Array)
#6 /var/www/anainaskincare/api/vendor/yiisoft/yii2/base/Application.php(375): yii\web\Application->handleRequest(Object(yii\web\Request))
#7 /var/www/anainaskincare/api/web/index.php(12): yii\base\Application->run()
#8 {main}
2015-12-17 13:56:48 [127.0.0.1][-][-][info][application] $_COOKIE = [
    'YII_CSRF_TOKEN' => '5c6f32a2e0c1911c889ef823b22be4a4e8d82950'
    'PHPSESSID' => 'chp6f4cfqfieq845ka1fkg2571'
]

$_SERVER = [
    'REDIRECT_STATUS' => '200'
    'HTTP_HOST' => 'localhost'
    'HTTP_CONNECTION' => 'keep-alive'
    'CONTENT_LENGTH' => '519'
    'HTTP_ACCEPT' => 'application/json, text/plain, */*'
    'HTTP_ORIGIN' => 'http://localhost'
    'HTTP_USER_AGENT' => 'Mozilla/5.0 (X11; Linux i686 (x86_64)) AppleWebKit/537.36 (KHTML, like Gecko) Chrome/47.0.2526.80 Safari/537.36'
    'CONTENT_TYPE' => 'application/x-www-form-urlencoded'
    'HTTP_REFERER' => 'http://localhost/anainaskincare/'
    'HTTP_ACCEPT_ENCODING' => 'gzip, deflate'
    'HTTP_ACCEPT_LANGUAGE' => 'en-US,en;q=0.8,id;q=0.6,ms;q=0.4'
    'HTTP_COOKIE' => 'YII_CSRF_TOKEN=5c6f32a2e0c1911c889ef823b22be4a4e8d82950; PHPSESSID=chp6f4cfqfieq845ka1fkg2571'
    'PATH' => '/usr/local/sbin:/usr/local/bin:/usr/sbin:/usr/bin:/sbin:/bin'
    'SERVER_SIGNATURE' => '<address>Apache/2.4.7 (Ubuntu) Server at localhost Port 80</address>
'
    'SERVER_SOFTWARE' => 'Apache/2.4.7 (Ubuntu)'
    'SERVER_NAME' => 'localhost'
    'SERVER_ADDR' => '127.0.0.1'
    'SERVER_PORT' => '80'
    'REMOTE_ADDR' => '127.0.0.1'
    'DOCUMENT_ROOT' => '/var/www'
    'REQUEST_SCHEME' => 'http'
    'CONTEXT_PREFIX' => ''
    'CONTEXT_DOCUMENT_ROOT' => '/var/www'
    'SERVER_ADMIN' => 'webmaster@localhost'
    'SCRIPT_FILENAME' => '/var/www/anainaskincare/api/web/index.php'
    'REMOTE_PORT' => '56016'
    'REDIRECT_URL' => '/anainaskincare/api/web/laporan/kartustok/'
    'GATEWAY_INTERFACE' => 'CGI/1.1'
    'SERVER_PROTOCOL' => 'HTTP/1.1'
    'REQUEST_METHOD' => 'POST'
    'QUERY_STRING' => ''
    'REQUEST_URI' => '/anainaskincare/api/web/laporan/kartustok/'
    'SCRIPT_NAME' => '/anainaskincare/api/web/index.php'
    'PHP_SELF' => '/anainaskincare/api/web/index.php'
    'REQUEST_TIME_FLOAT' => 1450335408.287
    'REQUEST_TIME' => 1450335408
]
2015-12-17 13:57:22 [127.0.0.1][-][-][error][yii\base\ErrorException:8] exception 'yii\base\ErrorException' with message 'Undefined variable: body' in /var/www/anainaskincare/api/controllers/LaporanController.php:800
Stack trace:
#0 /var/www/anainaskincare/api/controllers/LaporanController.php(800): yii\base\ErrorHandler->handleError(8, 'Undefined varia...', '/var/www/anaina...', 800, Array)
#1 [internal function]: app\controllers\LaporanController->actionKartustok()
#2 /var/www/anainaskincare/api/vendor/yiisoft/yii2/base/InlineAction.php(55): call_user_func_array(Array, Array)
#3 /var/www/anainaskincare/api/vendor/yiisoft/yii2/base/Controller.php(151): yii\base\InlineAction->runWithParams(Array)
#4 /var/www/anainaskincare/api/vendor/yiisoft/yii2/base/Module.php(455): yii\base\Controller->runAction('kartustok', Array)
#5 /var/www/anainaskincare/api/vendor/yiisoft/yii2/web/Application.php(84): yii\base\Module->runAction('laporan/kartust...', Array)
#6 /var/www/anainaskincare/api/vendor/yiisoft/yii2/base/Application.php(375): yii\web\Application->handleRequest(Object(yii\web\Request))
#7 /var/www/anainaskincare/api/web/index.php(12): yii\base\Application->run()
#8 {main}
2015-12-17 13:57:22 [127.0.0.1][-][-][info][application] $_COOKIE = [
    'YII_CSRF_TOKEN' => '5c6f32a2e0c1911c889ef823b22be4a4e8d82950'
    'PHPSESSID' => 'chp6f4cfqfieq845ka1fkg2571'
]

$_SERVER = [
    'REDIRECT_STATUS' => '200'
    'HTTP_HOST' => 'localhost'
    'HTTP_CONNECTION' => 'keep-alive'
    'CONTENT_LENGTH' => '519'
    'HTTP_PRAGMA' => 'no-cache'
    'HTTP_CACHE_CONTROL' => 'no-cache'
    'HTTP_ACCEPT' => 'application/json, text/plain, */*'
    'HTTP_ORIGIN' => 'http://localhost'
    'HTTP_USER_AGENT' => 'Mozilla/5.0 (X11; Linux i686 (x86_64)) AppleWebKit/537.36 (KHTML, like Gecko) Chrome/47.0.2526.80 Safari/537.36'
    'CONTENT_TYPE' => 'application/x-www-form-urlencoded'
    'HTTP_REFERER' => 'http://localhost/anainaskincare/'
    'HTTP_ACCEPT_ENCODING' => 'gzip, deflate'
    'HTTP_ACCEPT_LANGUAGE' => 'en-US,en;q=0.8,id;q=0.6,ms;q=0.4'
    'HTTP_COOKIE' => 'YII_CSRF_TOKEN=5c6f32a2e0c1911c889ef823b22be4a4e8d82950; PHPSESSID=chp6f4cfqfieq845ka1fkg2571'
    'PATH' => '/usr/local/sbin:/usr/local/bin:/usr/sbin:/usr/bin:/sbin:/bin'
    'SERVER_SIGNATURE' => '<address>Apache/2.4.7 (Ubuntu) Server at localhost Port 80</address>
'
    'SERVER_SOFTWARE' => 'Apache/2.4.7 (Ubuntu)'
    'SERVER_NAME' => 'localhost'
    'SERVER_ADDR' => '127.0.0.1'
    'SERVER_PORT' => '80'
    'REMOTE_ADDR' => '127.0.0.1'
    'DOCUMENT_ROOT' => '/var/www'
    'REQUEST_SCHEME' => 'http'
    'CONTEXT_PREFIX' => ''
    'CONTEXT_DOCUMENT_ROOT' => '/var/www'
    'SERVER_ADMIN' => 'webmaster@localhost'
    'SCRIPT_FILENAME' => '/var/www/anainaskincare/api/web/index.php'
    'REMOTE_PORT' => '56026'
    'REDIRECT_URL' => '/anainaskincare/api/web/laporan/kartustok/'
    'GATEWAY_INTERFACE' => 'CGI/1.1'
    'SERVER_PROTOCOL' => 'HTTP/1.1'
    'REQUEST_METHOD' => 'POST'
    'QUERY_STRING' => ''
    'REQUEST_URI' => '/anainaskincare/api/web/laporan/kartustok/'
    'SCRIPT_NAME' => '/anainaskincare/api/web/index.php'
    'PHP_SELF' => '/anainaskincare/api/web/index.php'
    'REQUEST_TIME_FLOAT' => 1450335442.338
    'REQUEST_TIME' => 1450335442
]
2015-12-17 13:57:39 [127.0.0.1][-][-][error][yii\base\ErrorException:8] exception 'yii\base\ErrorException' with message 'Undefined variable: body' in /var/www/anainaskincare/api/controllers/LaporanController.php:800
Stack trace:
#0 /var/www/anainaskincare/api/controllers/LaporanController.php(800): yii\base\ErrorHandler->handleError(8, 'Undefined varia...', '/var/www/anaina...', 800, Array)
#1 [internal function]: app\controllers\LaporanController->actionKartustok()
#2 /var/www/anainaskincare/api/vendor/yiisoft/yii2/base/InlineAction.php(55): call_user_func_array(Array, Array)
#3 /var/www/anainaskincare/api/vendor/yiisoft/yii2/base/Controller.php(151): yii\base\InlineAction->runWithParams(Array)
#4 /var/www/anainaskincare/api/vendor/yiisoft/yii2/base/Module.php(455): yii\base\Controller->runAction('kartustok', Array)
#5 /var/www/anainaskincare/api/vendor/yiisoft/yii2/web/Application.php(84): yii\base\Module->runAction('laporan/kartust...', Array)
#6 /var/www/anainaskincare/api/vendor/yiisoft/yii2/base/Application.php(375): yii\web\Application->handleRequest(Object(yii\web\Request))
#7 /var/www/anainaskincare/api/web/index.php(12): yii\base\Application->run()
#8 {main}
2015-12-17 13:57:39 [127.0.0.1][-][-][info][application] $_COOKIE = [
    'YII_CSRF_TOKEN' => '5c6f32a2e0c1911c889ef823b22be4a4e8d82950'
    'PHPSESSID' => 'chp6f4cfqfieq845ka1fkg2571'
]

$_SERVER = [
    'REDIRECT_STATUS' => '200'
    'HTTP_HOST' => 'localhost'
    'HTTP_CONNECTION' => 'keep-alive'
    'CONTENT_LENGTH' => '519'
    'HTTP_PRAGMA' => 'no-cache'
    'HTTP_CACHE_CONTROL' => 'no-cache'
    'HTTP_ACCEPT' => 'application/json, text/plain, */*'
    'HTTP_ORIGIN' => 'http://localhost'
    'HTTP_USER_AGENT' => 'Mozilla/5.0 (X11; Linux i686 (x86_64)) AppleWebKit/537.36 (KHTML, like Gecko) Chrome/47.0.2526.80 Safari/537.36'
    'CONTENT_TYPE' => 'application/x-www-form-urlencoded'
    'HTTP_REFERER' => 'http://localhost/anainaskincare/'
    'HTTP_ACCEPT_ENCODING' => 'gzip, deflate'
    'HTTP_ACCEPT_LANGUAGE' => 'en-US,en;q=0.8,id;q=0.6,ms;q=0.4'
    'HTTP_COOKIE' => 'YII_CSRF_TOKEN=5c6f32a2e0c1911c889ef823b22be4a4e8d82950; PHPSESSID=chp6f4cfqfieq845ka1fkg2571'
    'PATH' => '/usr/local/sbin:/usr/local/bin:/usr/sbin:/usr/bin:/sbin:/bin'
    'SERVER_SIGNATURE' => '<address>Apache/2.4.7 (Ubuntu) Server at localhost Port 80</address>
'
    'SERVER_SOFTWARE' => 'Apache/2.4.7 (Ubuntu)'
    'SERVER_NAME' => 'localhost'
    'SERVER_ADDR' => '127.0.0.1'
    'SERVER_PORT' => '80'
    'REMOTE_ADDR' => '127.0.0.1'
    'DOCUMENT_ROOT' => '/var/www'
    'REQUEST_SCHEME' => 'http'
    'CONTEXT_PREFIX' => ''
    'CONTEXT_DOCUMENT_ROOT' => '/var/www'
    'SERVER_ADMIN' => 'webmaster@localhost'
    'SCRIPT_FILENAME' => '/var/www/anainaskincare/api/web/index.php'
    'REMOTE_PORT' => '56028'
    'REDIRECT_URL' => '/anainaskincare/api/web/laporan/kartustok/'
    'GATEWAY_INTERFACE' => 'CGI/1.1'
    'SERVER_PROTOCOL' => 'HTTP/1.1'
    'REQUEST_METHOD' => 'POST'
    'QUERY_STRING' => ''
    'REQUEST_URI' => '/anainaskincare/api/web/laporan/kartustok/'
    'SCRIPT_NAME' => '/anainaskincare/api/web/index.php'
    'PHP_SELF' => '/anainaskincare/api/web/index.php'
    'REQUEST_TIME_FLOAT' => 1450335459.562
    'REQUEST_TIME' => 1450335459
]
2015-12-17 14:58:28 [127.0.0.1][-][-][error][yii\base\ErrorException:8] exception 'yii\base\ErrorException' with message 'Undefined variable: body' in /var/www/anainaskincare/api/controllers/LaporanController.php:811
Stack trace:
#0 /var/www/anainaskincare/api/controllers/LaporanController.php(811): yii\base\ErrorHandler->handleError(8, 'Undefined varia...', '/var/www/anaina...', 811, Array)
#1 [internal function]: app\controllers\LaporanController->actionKartustok()
#2 /var/www/anainaskincare/api/vendor/yiisoft/yii2/base/InlineAction.php(55): call_user_func_array(Array, Array)
#3 /var/www/anainaskincare/api/vendor/yiisoft/yii2/base/Controller.php(151): yii\base\InlineAction->runWithParams(Array)
#4 /var/www/anainaskincare/api/vendor/yiisoft/yii2/base/Module.php(455): yii\base\Controller->runAction('kartustok', Array)
#5 /var/www/anainaskincare/api/vendor/yiisoft/yii2/web/Application.php(84): yii\base\Module->runAction('laporan/kartust...', Array)
#6 /var/www/anainaskincare/api/vendor/yiisoft/yii2/base/Application.php(375): yii\web\Application->handleRequest(Object(yii\web\Request))
#7 /var/www/anainaskincare/api/web/index.php(12): yii\base\Application->run()
#8 {main}
2015-12-17 14:58:28 [127.0.0.1][-][-][info][application] $_COOKIE = [
    'YII_CSRF_TOKEN' => '5c6f32a2e0c1911c889ef823b22be4a4e8d82950'
    'PHPSESSID' => 'chp6f4cfqfieq845ka1fkg2571'
]

$_SERVER = [
    'REDIRECT_STATUS' => '200'
    'HTTP_HOST' => 'localhost'
    'HTTP_CONNECTION' => 'keep-alive'
    'CONTENT_LENGTH' => '519'
    'HTTP_ACCEPT' => 'application/json, text/plain, */*'
    'HTTP_ORIGIN' => 'http://localhost'
    'HTTP_USER_AGENT' => 'Mozilla/5.0 (X11; Linux i686 (x86_64)) AppleWebKit/537.36 (KHTML, like Gecko) Chrome/47.0.2526.80 Safari/537.36'
    'CONTENT_TYPE' => 'application/x-www-form-urlencoded'
    'HTTP_REFERER' => 'http://localhost/anainaskincare/'
    'HTTP_ACCEPT_ENCODING' => 'gzip, deflate'
    'HTTP_ACCEPT_LANGUAGE' => 'en-US,en;q=0.8,id;q=0.6,ms;q=0.4'
    'HTTP_COOKIE' => 'YII_CSRF_TOKEN=5c6f32a2e0c1911c889ef823b22be4a4e8d82950; PHPSESSID=chp6f4cfqfieq845ka1fkg2571'
    'PATH' => '/usr/local/sbin:/usr/local/bin:/usr/sbin:/usr/bin:/sbin:/bin'
    'SERVER_SIGNATURE' => '<address>Apache/2.4.7 (Ubuntu) Server at localhost Port 80</address>
'
    'SERVER_SOFTWARE' => 'Apache/2.4.7 (Ubuntu)'
    'SERVER_NAME' => 'localhost'
    'SERVER_ADDR' => '127.0.0.1'
    'SERVER_PORT' => '80'
    'REMOTE_ADDR' => '127.0.0.1'
    'DOCUMENT_ROOT' => '/var/www'
    'REQUEST_SCHEME' => 'http'
    'CONTEXT_PREFIX' => ''
    'CONTEXT_DOCUMENT_ROOT' => '/var/www'
    'SERVER_ADMIN' => 'webmaster@localhost'
    'SCRIPT_FILENAME' => '/var/www/anainaskincare/api/web/index.php'
    'REMOTE_PORT' => '57712'
    'REDIRECT_URL' => '/anainaskincare/api/web/laporan/kartustok/'
    'GATEWAY_INTERFACE' => 'CGI/1.1'
    'SERVER_PROTOCOL' => 'HTTP/1.1'
    'REQUEST_METHOD' => 'POST'
    'QUERY_STRING' => ''
    'REQUEST_URI' => '/anainaskincare/api/web/laporan/kartustok/'
    'SCRIPT_NAME' => '/anainaskincare/api/web/index.php'
    'PHP_SELF' => '/anainaskincare/api/web/index.php'
    'REQUEST_TIME_FLOAT' => 1450339108.249
    'REQUEST_TIME' => 1450339108
]
2015-12-17 14:59:10 [127.0.0.1][-][-][error][yii\base\ErrorException:8] exception 'yii\base\ErrorException' with message 'Undefined variable: body' in /var/www/anainaskincare/api/controllers/LaporanController.php:811
Stack trace:
#0 /var/www/anainaskincare/api/controllers/LaporanController.php(811): yii\base\ErrorHandler->handleError(8, 'Undefined varia...', '/var/www/anaina...', 811, Array)
#1 [internal function]: app\controllers\LaporanController->actionKartustok()
#2 /var/www/anainaskincare/api/vendor/yiisoft/yii2/base/InlineAction.php(55): call_user_func_array(Array, Array)
#3 /var/www/anainaskincare/api/vendor/yiisoft/yii2/base/Controller.php(151): yii\base\InlineAction->runWithParams(Array)
#4 /var/www/anainaskincare/api/vendor/yiisoft/yii2/base/Module.php(455): yii\base\Controller->runAction('kartustok', Array)
#5 /var/www/anainaskincare/api/vendor/yiisoft/yii2/web/Application.php(84): yii\base\Module->runAction('laporan/kartust...', Array)
#6 /var/www/anainaskincare/api/vendor/yiisoft/yii2/base/Application.php(375): yii\web\Application->handleRequest(Object(yii\web\Request))
#7 /var/www/anainaskincare/api/web/index.php(12): yii\base\Application->run()
#8 {main}
2015-12-17 14:59:10 [127.0.0.1][-][-][info][application] $_COOKIE = [
    'YII_CSRF_TOKEN' => '5c6f32a2e0c1911c889ef823b22be4a4e8d82950'
    'PHPSESSID' => 'chp6f4cfqfieq845ka1fkg2571'
]

$_SERVER = [
    'REDIRECT_STATUS' => '200'
    'HTTP_HOST' => 'localhost'
    'HTTP_CONNECTION' => 'keep-alive'
    'CONTENT_LENGTH' => '518'
    'HTTP_PRAGMA' => 'no-cache'
    'HTTP_CACHE_CONTROL' => 'no-cache'
    'HTTP_ACCEPT' => 'application/json, text/plain, */*'
    'HTTP_ORIGIN' => 'http://localhost'
    'HTTP_USER_AGENT' => 'Mozilla/5.0 (X11; Linux i686 (x86_64)) AppleWebKit/537.36 (KHTML, like Gecko) Chrome/47.0.2526.80 Safari/537.36'
    'CONTENT_TYPE' => 'application/x-www-form-urlencoded'
    'HTTP_REFERER' => 'http://localhost/anainaskincare/'
    'HTTP_ACCEPT_ENCODING' => 'gzip, deflate'
    'HTTP_ACCEPT_LANGUAGE' => 'en-US,en;q=0.8,id;q=0.6,ms;q=0.4'
    'HTTP_COOKIE' => 'YII_CSRF_TOKEN=5c6f32a2e0c1911c889ef823b22be4a4e8d82950; PHPSESSID=chp6f4cfqfieq845ka1fkg2571'
    'PATH' => '/usr/local/sbin:/usr/local/bin:/usr/sbin:/usr/bin:/sbin:/bin'
    'SERVER_SIGNATURE' => '<address>Apache/2.4.7 (Ubuntu) Server at localhost Port 80</address>
'
    'SERVER_SOFTWARE' => 'Apache/2.4.7 (Ubuntu)'
    'SERVER_NAME' => 'localhost'
    'SERVER_ADDR' => '127.0.0.1'
    'SERVER_PORT' => '80'
    'REMOTE_ADDR' => '127.0.0.1'
    'DOCUMENT_ROOT' => '/var/www'
    'REQUEST_SCHEME' => 'http'
    'CONTEXT_PREFIX' => ''
    'CONTEXT_DOCUMENT_ROOT' => '/var/www'
    'SERVER_ADMIN' => 'webmaster@localhost'
    'SCRIPT_FILENAME' => '/var/www/anainaskincare/api/web/index.php'
    'REMOTE_PORT' => '57719'
    'REDIRECT_URL' => '/anainaskincare/api/web/laporan/kartustok/'
    'GATEWAY_INTERFACE' => 'CGI/1.1'
    'SERVER_PROTOCOL' => 'HTTP/1.1'
    'REQUEST_METHOD' => 'POST'
    'QUERY_STRING' => ''
    'REQUEST_URI' => '/anainaskincare/api/web/laporan/kartustok/'
    'SCRIPT_NAME' => '/anainaskincare/api/web/index.php'
    'PHP_SELF' => '/anainaskincare/api/web/index.php'
    'REQUEST_TIME_FLOAT' => 1450339150.545
    'REQUEST_TIME' => 1450339150
]
2015-12-17 14:59:21 [192.168.5.7][-][-][error][yii\base\ErrorException:8] exception 'yii\base\ErrorException' with message 'Undefined variable: body' in /var/www/anainaskincare/api/controllers/LaporanController.php:811
Stack trace:
#0 /var/www/anainaskincare/api/controllers/LaporanController.php(811): yii\base\ErrorHandler->handleError(8, 'Undefined varia...', '/var/www/anaina...', 811, Array)
#1 [internal function]: app\controllers\LaporanController->actionKartustok()
#2 /var/www/anainaskincare/api/vendor/yiisoft/yii2/base/InlineAction.php(55): call_user_func_array(Array, Array)
#3 /var/www/anainaskincare/api/vendor/yiisoft/yii2/base/Controller.php(151): yii\base\InlineAction->runWithParams(Array)
#4 /var/www/anainaskincare/api/vendor/yiisoft/yii2/base/Module.php(455): yii\base\Controller->runAction('kartustok', Array)
#5 /var/www/anainaskincare/api/vendor/yiisoft/yii2/web/Application.php(84): yii\base\Module->runAction('laporan/kartust...', Array)
#6 /var/www/anainaskincare/api/vendor/yiisoft/yii2/base/Application.php(375): yii\web\Application->handleRequest(Object(yii\web\Request))
#7 /var/www/anainaskincare/api/web/index.php(12): yii\base\Application->run()
#8 {main}
2015-12-17 14:59:21 [192.168.5.7][-][-][info][application] $_COOKIE = [
    'PHPSESSID' => '5o6c4utgu2hcpeb737bl1ffa23'
]

$_SERVER = [
    'REDIRECT_STATUS' => '200'
    'HTTP_HOST' => '192.168.5.1'
    'HTTP_CONNECTION' => 'keep-alive'
    'CONTENT_LENGTH' => '503'
    'HTTP_PRAGMA' => 'no-cache'
    'HTTP_CACHE_CONTROL' => 'no-cache'
    'HTTP_ACCEPT' => 'application/json, text/plain, */*'
    'HTTP_ORIGIN' => 'http://192.168.5.1'
    'HTTP_USER_AGENT' => 'Mozilla/5.0 (X11; Linux x86_64) AppleWebKit/537.36 (KHTML, like Gecko) Ubuntu Chromium/47.0.2526.73 Chrome/47.0.2526.73 Safari/537.36'
    'CONTENT_TYPE' => 'application/x-www-form-urlencoded'
    'HTTP_REFERER' => 'http://192.168.5.1/anainaskincare/'
    'HTTP_ACCEPT_ENCODING' => 'gzip, deflate'
    'HTTP_ACCEPT_LANGUAGE' => 'id-ID,id;q=0.8,en-US;q=0.6,en;q=0.4'
    'HTTP_COOKIE' => 'PHPSESSID=5o6c4utgu2hcpeb737bl1ffa23'
    'PATH' => '/usr/local/sbin:/usr/local/bin:/usr/sbin:/usr/bin:/sbin:/bin'
    'SERVER_SIGNATURE' => '<address>Apache/2.4.7 (Ubuntu) Server at 192.168.5.1 Port 80</address>
'
    'SERVER_SOFTWARE' => 'Apache/2.4.7 (Ubuntu)'
    'SERVER_NAME' => '192.168.5.1'
    'SERVER_ADDR' => '192.168.5.1'
    'SERVER_PORT' => '80'
    'REMOTE_ADDR' => '192.168.5.7'
    'DOCUMENT_ROOT' => '/var/www'
    'REQUEST_SCHEME' => 'http'
    'CONTEXT_PREFIX' => ''
    'CONTEXT_DOCUMENT_ROOT' => '/var/www'
    'SERVER_ADMIN' => 'webmaster@localhost'
    'SCRIPT_FILENAME' => '/var/www/anainaskincare/api/web/index.php'
    'REMOTE_PORT' => '50147'
    'REDIRECT_URL' => '/anainaskincare/api/web/laporan/kartustok/'
    'GATEWAY_INTERFACE' => 'CGI/1.1'
    'SERVER_PROTOCOL' => 'HTTP/1.1'
    'REQUEST_METHOD' => 'POST'
    'QUERY_STRING' => ''
    'REQUEST_URI' => '/anainaskincare/api/web/laporan/kartustok/'
    'SCRIPT_NAME' => '/anainaskincare/api/web/index.php'
    'PHP_SELF' => '/anainaskincare/api/web/index.php'
    'REQUEST_TIME_FLOAT' => 1450339161.121
    'REQUEST_TIME' => 1450339161
]
2015-12-17 15:17:34 [127.0.0.1][-][-][error][yii\base\ErrorException:8] exception 'yii\base\ErrorException' with message 'Undefined variable: body' in /var/www/anainaskincare/api/controllers/LaporanController.php:811
Stack trace:
#0 /var/www/anainaskincare/api/controllers/LaporanController.php(811): yii\base\ErrorHandler->handleError(8, 'Undefined varia...', '/var/www/anaina...', 811, Array)
#1 [internal function]: app\controllers\LaporanController->actionKartustok()
#2 /var/www/anainaskincare/api/vendor/yiisoft/yii2/base/InlineAction.php(55): call_user_func_array(Array, Array)
#3 /var/www/anainaskincare/api/vendor/yiisoft/yii2/base/Controller.php(151): yii\base\InlineAction->runWithParams(Array)
#4 /var/www/anainaskincare/api/vendor/yiisoft/yii2/base/Module.php(455): yii\base\Controller->runAction('kartustok', Array)
#5 /var/www/anainaskincare/api/vendor/yiisoft/yii2/web/Application.php(84): yii\base\Module->runAction('laporan/kartust...', Array)
#6 /var/www/anainaskincare/api/vendor/yiisoft/yii2/base/Application.php(375): yii\web\Application->handleRequest(Object(yii\web\Request))
#7 /var/www/anainaskincare/api/web/index.php(12): yii\base\Application->run()
#8 {main}
2015-12-17 15:17:34 [127.0.0.1][-][-][info][application] $_COOKIE = [
    'YII_CSRF_TOKEN' => '5c6f32a2e0c1911c889ef823b22be4a4e8d82950'
    'PHPSESSID' => 'chp6f4cfqfieq845ka1fkg2571'
]

$_SERVER = [
    'REDIRECT_STATUS' => '200'
    'HTTP_HOST' => 'localhost'
    'HTTP_CONNECTION' => 'keep-alive'
    'CONTENT_LENGTH' => '518'
    'HTTP_PRAGMA' => 'no-cache'
    'HTTP_CACHE_CONTROL' => 'no-cache'
    'HTTP_ACCEPT' => 'application/json, text/plain, */*'
    'HTTP_ORIGIN' => 'http://localhost'
    'HTTP_USER_AGENT' => 'Mozilla/5.0 (X11; Linux i686 (x86_64)) AppleWebKit/537.36 (KHTML, like Gecko) Chrome/47.0.2526.80 Safari/537.36'
    'CONTENT_TYPE' => 'application/x-www-form-urlencoded'
    'HTTP_REFERER' => 'http://localhost/anainaskincare/'
    'HTTP_ACCEPT_ENCODING' => 'gzip, deflate'
    'HTTP_ACCEPT_LANGUAGE' => 'en-US,en;q=0.8,id;q=0.6,ms;q=0.4'
    'HTTP_COOKIE' => 'YII_CSRF_TOKEN=5c6f32a2e0c1911c889ef823b22be4a4e8d82950; PHPSESSID=chp6f4cfqfieq845ka1fkg2571'
    'PATH' => '/usr/local/sbin:/usr/local/bin:/usr/sbin:/usr/bin:/sbin:/bin'
    'SERVER_SIGNATURE' => '<address>Apache/2.4.7 (Ubuntu) Server at localhost Port 80</address>
'
    'SERVER_SOFTWARE' => 'Apache/2.4.7 (Ubuntu)'
    'SERVER_NAME' => 'localhost'
    'SERVER_ADDR' => '127.0.0.1'
    'SERVER_PORT' => '80'
    'REMOTE_ADDR' => '127.0.0.1'
    'DOCUMENT_ROOT' => '/var/www'
    'REQUEST_SCHEME' => 'http'
    'CONTEXT_PREFIX' => ''
    'CONTEXT_DOCUMENT_ROOT' => '/var/www'
    'SERVER_ADMIN' => 'webmaster@localhost'
    'SCRIPT_FILENAME' => '/var/www/anainaskincare/api/web/index.php'
    'REMOTE_PORT' => '58063'
    'REDIRECT_URL' => '/anainaskincare/api/web/laporan/kartustok/'
    'GATEWAY_INTERFACE' => 'CGI/1.1'
    'SERVER_PROTOCOL' => 'HTTP/1.1'
    'REQUEST_METHOD' => 'POST'
    'QUERY_STRING' => ''
    'REQUEST_URI' => '/anainaskincare/api/web/laporan/kartustok/'
    'SCRIPT_NAME' => '/anainaskincare/api/web/index.php'
    'PHP_SELF' => '/anainaskincare/api/web/index.php'
    'REQUEST_TIME_FLOAT' => 1450340254.011
    'REQUEST_TIME' => 1450340254
]
2015-12-17 15:17:42 [127.0.0.1][-][-][error][yii\base\ErrorException:8] exception 'yii\base\ErrorException' with message 'Undefined variable: body' in /var/www/anainaskincare/api/controllers/LaporanController.php:811
Stack trace:
#0 /var/www/anainaskincare/api/controllers/LaporanController.php(811): yii\base\ErrorHandler->handleError(8, 'Undefined varia...', '/var/www/anaina...', 811, Array)
#1 [internal function]: app\controllers\LaporanController->actionKartustok()
#2 /var/www/anainaskincare/api/vendor/yiisoft/yii2/base/InlineAction.php(55): call_user_func_array(Array, Array)
#3 /var/www/anainaskincare/api/vendor/yiisoft/yii2/base/Controller.php(151): yii\base\InlineAction->runWithParams(Array)
#4 /var/www/anainaskincare/api/vendor/yiisoft/yii2/base/Module.php(455): yii\base\Controller->runAction('kartustok', Array)
#5 /var/www/anainaskincare/api/vendor/yiisoft/yii2/web/Application.php(84): yii\base\Module->runAction('laporan/kartust...', Array)
#6 /var/www/anainaskincare/api/vendor/yiisoft/yii2/base/Application.php(375): yii\web\Application->handleRequest(Object(yii\web\Request))
#7 /var/www/anainaskincare/api/web/index.php(12): yii\base\Application->run()
#8 {main}
2015-12-17 15:17:42 [127.0.0.1][-][-][info][application] $_COOKIE = [
    'YII_CSRF_TOKEN' => '5c6f32a2e0c1911c889ef823b22be4a4e8d82950'
    'PHPSESSID' => 'chp6f4cfqfieq845ka1fkg2571'
]

$_SERVER = [
    'REDIRECT_STATUS' => '200'
    'HTTP_HOST' => 'localhost'
    'HTTP_CONNECTION' => 'keep-alive'
    'CONTENT_LENGTH' => '518'
    'HTTP_PRAGMA' => 'no-cache'
    'HTTP_CACHE_CONTROL' => 'no-cache'
    'HTTP_ACCEPT' => 'application/json, text/plain, */*'
    'HTTP_ORIGIN' => 'http://localhost'
    'HTTP_USER_AGENT' => 'Mozilla/5.0 (X11; Linux i686 (x86_64)) AppleWebKit/537.36 (KHTML, like Gecko) Chrome/47.0.2526.80 Safari/537.36'
    'CONTENT_TYPE' => 'application/x-www-form-urlencoded'
    'HTTP_REFERER' => 'http://localhost/anainaskincare/'
    'HTTP_ACCEPT_ENCODING' => 'gzip, deflate'
    'HTTP_ACCEPT_LANGUAGE' => 'en-US,en;q=0.8,id;q=0.6,ms;q=0.4'
    'HTTP_COOKIE' => 'YII_CSRF_TOKEN=5c6f32a2e0c1911c889ef823b22be4a4e8d82950; PHPSESSID=chp6f4cfqfieq845ka1fkg2571'
    'PATH' => '/usr/local/sbin:/usr/local/bin:/usr/sbin:/usr/bin:/sbin:/bin'
    'SERVER_SIGNATURE' => '<address>Apache/2.4.7 (Ubuntu) Server at localhost Port 80</address>
'
    'SERVER_SOFTWARE' => 'Apache/2.4.7 (Ubuntu)'
    'SERVER_NAME' => 'localhost'
    'SERVER_ADDR' => '127.0.0.1'
    'SERVER_PORT' => '80'
    'REMOTE_ADDR' => '127.0.0.1'
    'DOCUMENT_ROOT' => '/var/www'
    'REQUEST_SCHEME' => 'http'
    'CONTEXT_PREFIX' => ''
    'CONTEXT_DOCUMENT_ROOT' => '/var/www'
    'SERVER_ADMIN' => 'webmaster@localhost'
    'SCRIPT_FILENAME' => '/var/www/anainaskincare/api/web/index.php'
    'REMOTE_PORT' => '58064'
    'REDIRECT_URL' => '/anainaskincare/api/web/laporan/kartustok/'
    'GATEWAY_INTERFACE' => 'CGI/1.1'
    'SERVER_PROTOCOL' => 'HTTP/1.1'
    'REQUEST_METHOD' => 'POST'
    'QUERY_STRING' => ''
    'REQUEST_URI' => '/anainaskincare/api/web/laporan/kartustok/'
    'SCRIPT_NAME' => '/anainaskincare/api/web/index.php'
    'PHP_SELF' => '/anainaskincare/api/web/index.php'
    'REQUEST_TIME_FLOAT' => 1450340262.929
    'REQUEST_TIME' => 1450340262
]
2015-12-17 15:17:48 [127.0.0.1][-][-][error][yii\base\ErrorException:8] exception 'yii\base\ErrorException' with message 'Undefined variable: body' in /var/www/anainaskincare/api/controllers/LaporanController.php:811
Stack trace:
#0 /var/www/anainaskincare/api/controllers/LaporanController.php(811): yii\base\ErrorHandler->handleError(8, 'Undefined varia...', '/var/www/anaina...', 811, Array)
#1 [internal function]: app\controllers\LaporanController->actionKartustok()
#2 /var/www/anainaskincare/api/vendor/yiisoft/yii2/base/InlineAction.php(55): call_user_func_array(Array, Array)
#3 /var/www/anainaskincare/api/vendor/yiisoft/yii2/base/Controller.php(151): yii\base\InlineAction->runWithParams(Array)
#4 /var/www/anainaskincare/api/vendor/yiisoft/yii2/base/Module.php(455): yii\base\Controller->runAction('kartustok', Array)
#5 /var/www/anainaskincare/api/vendor/yiisoft/yii2/web/Application.php(84): yii\base\Module->runAction('laporan/kartust...', Array)
#6 /var/www/anainaskincare/api/vendor/yiisoft/yii2/base/Application.php(375): yii\web\Application->handleRequest(Object(yii\web\Request))
#7 /var/www/anainaskincare/api/web/index.php(12): yii\base\Application->run()
#8 {main}
2015-12-17 15:17:48 [127.0.0.1][-][-][info][application] $_COOKIE = [
    'YII_CSRF_TOKEN' => '5c6f32a2e0c1911c889ef823b22be4a4e8d82950'
    'PHPSESSID' => 'chp6f4cfqfieq845ka1fkg2571'
]

$_SERVER = [
    'REDIRECT_STATUS' => '200'
    'HTTP_HOST' => 'localhost'
    'HTTP_CONNECTION' => 'keep-alive'
    'CONTENT_LENGTH' => '518'
    'HTTP_PRAGMA' => 'no-cache'
    'HTTP_CACHE_CONTROL' => 'no-cache'
    'HTTP_ACCEPT' => 'application/json, text/plain, */*'
    'HTTP_ORIGIN' => 'http://localhost'
    'HTTP_USER_AGENT' => 'Mozilla/5.0 (X11; Linux i686 (x86_64)) AppleWebKit/537.36 (KHTML, like Gecko) Chrome/47.0.2526.80 Safari/537.36'
    'CONTENT_TYPE' => 'application/x-www-form-urlencoded'
    'HTTP_REFERER' => 'http://localhost/anainaskincare/'
    'HTTP_ACCEPT_ENCODING' => 'gzip, deflate'
    'HTTP_ACCEPT_LANGUAGE' => 'en-US,en;q=0.8,id;q=0.6,ms;q=0.4'
    'HTTP_COOKIE' => 'YII_CSRF_TOKEN=5c6f32a2e0c1911c889ef823b22be4a4e8d82950; PHPSESSID=chp6f4cfqfieq845ka1fkg2571'
    'PATH' => '/usr/local/sbin:/usr/local/bin:/usr/sbin:/usr/bin:/sbin:/bin'
    'SERVER_SIGNATURE' => '<address>Apache/2.4.7 (Ubuntu) Server at localhost Port 80</address>
'
    'SERVER_SOFTWARE' => 'Apache/2.4.7 (Ubuntu)'
    'SERVER_NAME' => 'localhost'
    'SERVER_ADDR' => '127.0.0.1'
    'SERVER_PORT' => '80'
    'REMOTE_ADDR' => '127.0.0.1'
    'DOCUMENT_ROOT' => '/var/www'
    'REQUEST_SCHEME' => 'http'
    'CONTEXT_PREFIX' => ''
    'CONTEXT_DOCUMENT_ROOT' => '/var/www'
    'SERVER_ADMIN' => 'webmaster@localhost'
    'SCRIPT_FILENAME' => '/var/www/anainaskincare/api/web/index.php'
    'REMOTE_PORT' => '58065'
    'REDIRECT_URL' => '/anainaskincare/api/web/laporan/kartustok/'
    'GATEWAY_INTERFACE' => 'CGI/1.1'
    'SERVER_PROTOCOL' => 'HTTP/1.1'
    'REQUEST_METHOD' => 'POST'
    'QUERY_STRING' => ''
    'REQUEST_URI' => '/anainaskincare/api/web/laporan/kartustok/'
    'SCRIPT_NAME' => '/anainaskincare/api/web/index.php'
    'PHP_SELF' => '/anainaskincare/api/web/index.php'
    'REQUEST_TIME_FLOAT' => 1450340268.639
    'REQUEST_TIME' => 1450340268
]
2015-12-17 15:28:08 [127.0.0.1][-][-][error][yii\base\ErrorException:8] exception 'yii\base\ErrorException' with message 'Undefined variable: _SESSION' in /var/www/anainaskincare/api/controllers/PenjualanController.php:369
Stack trace:
#0 /var/www/anainaskincare/api/controllers/PenjualanController.php(369): yii\base\ErrorHandler->handleError(8, 'Undefined varia...', '/var/www/anaina...', 369, Array)
#1 [internal function]: app\controllers\PenjualanController->actionCari()
#2 /var/www/anainaskincare/api/vendor/yiisoft/yii2/base/InlineAction.php(55): call_user_func_array(Array, Array)
#3 /var/www/anainaskincare/api/vendor/yiisoft/yii2/base/Controller.php(151): yii\base\InlineAction->runWithParams(Array)
#4 /var/www/anainaskincare/api/vendor/yiisoft/yii2/base/Module.php(455): yii\base\Controller->runAction('cari', Array)
#5 /var/www/anainaskincare/api/vendor/yiisoft/yii2/web/Application.php(84): yii\base\Module->runAction('penjualan/cari', Array)
#6 /var/www/anainaskincare/api/vendor/yiisoft/yii2/base/Application.php(375): yii\web\Application->handleRequest(Object(yii\web\Request))
#7 /var/www/anainaskincare/api/web/index.php(12): yii\base\Application->run()
#8 {main}
2015-12-17 15:28:08 [127.0.0.1][-][-][info][application] $_GET = [
    'nama' => 'JUAL/001/03266'
]

$_COOKIE = [
    'YII_CSRF_TOKEN' => '5c6f32a2e0c1911c889ef823b22be4a4e8d82950'
    'PHPSESSID' => 'chp6f4cfqfieq845ka1fkg2571'
]

$_SERVER = [
    'REDIRECT_STATUS' => '200'
    'HTTP_HOST' => 'localhost'
    'HTTP_CONNECTION' => 'keep-alive'
    'HTTP_PRAGMA' => 'no-cache'
    'HTTP_CACHE_CONTROL' => 'no-cache'
    'HTTP_ACCEPT' => 'application/json, text/plain, */*'
    'HTTP_USER_AGENT' => 'Mozilla/5.0 (X11; Linux i686 (x86_64)) AppleWebKit/537.36 (KHTML, like Gecko) Chrome/47.0.2526.80 Safari/537.36'
    'HTTP_REFERER' => 'http://localhost/anainaskincare/'
    'HTTP_ACCEPT_ENCODING' => 'gzip, deflate, sdch'
    'HTTP_ACCEPT_LANGUAGE' => 'en-US,en;q=0.8,id;q=0.6,ms;q=0.4'
    'HTTP_COOKIE' => 'YII_CSRF_TOKEN=5c6f32a2e0c1911c889ef823b22be4a4e8d82950; PHPSESSID=chp6f4cfqfieq845ka1fkg2571'
    'PATH' => '/usr/local/sbin:/usr/local/bin:/usr/sbin:/usr/bin:/sbin:/bin'
    'SERVER_SIGNATURE' => '<address>Apache/2.4.7 (Ubuntu) Server at localhost Port 80</address>
'
    'SERVER_SOFTWARE' => 'Apache/2.4.7 (Ubuntu)'
    'SERVER_NAME' => 'localhost'
    'SERVER_ADDR' => '127.0.0.1'
    'SERVER_PORT' => '80'
    'REMOTE_ADDR' => '127.0.0.1'
    'DOCUMENT_ROOT' => '/var/www'
    'REQUEST_SCHEME' => 'http'
    'CONTEXT_PREFIX' => ''
    'CONTEXT_DOCUMENT_ROOT' => '/var/www'
    'SERVER_ADMIN' => 'webmaster@localhost'
    'SCRIPT_FILENAME' => '/var/www/anainaskincare/api/web/index.php'
    'REMOTE_PORT' => '58163'
    'REDIRECT_QUERY_STRING' => 'nama=JUAL%2F001%2F03266'
    'REDIRECT_URL' => '/anainaskincare/api/web/penjualan/cari'
    'GATEWAY_INTERFACE' => 'CGI/1.1'
    'SERVER_PROTOCOL' => 'HTTP/1.1'
    'REQUEST_METHOD' => 'GET'
    'QUERY_STRING' => 'nama=JUAL%2F001%2F03266'
    'REQUEST_URI' => '/anainaskincare/api/web/penjualan/cari?nama=JUAL%2F001%2F03266'
    'SCRIPT_NAME' => '/anainaskincare/api/web/index.php'
    'PHP_SELF' => '/anainaskincare/api/web/index.php'
    'REQUEST_TIME_FLOAT' => 1450340888.818
    'REQUEST_TIME' => 1450340888
]
2015-12-17 15:28:18 [127.0.0.1][-][-][error][yii\base\ErrorException:8] exception 'yii\base\ErrorException' with message 'Undefined variable: _SESSION' in /var/www/anainaskincare/api/controllers/PenjualanController.php:369
Stack trace:
#0 /var/www/anainaskincare/api/controllers/PenjualanController.php(369): yii\base\ErrorHandler->handleError(8, 'Undefined varia...', '/var/www/anaina...', 369, Array)
#1 [internal function]: app\controllers\PenjualanController->actionCari()
#2 /var/www/anainaskincare/api/vendor/yiisoft/yii2/base/InlineAction.php(55): call_user_func_array(Array, Array)
#3 /var/www/anainaskincare/api/vendor/yiisoft/yii2/base/Controller.php(151): yii\base\InlineAction->runWithParams(Array)
#4 /var/www/anainaskincare/api/vendor/yiisoft/yii2/base/Module.php(455): yii\base\Controller->runAction('cari', Array)
#5 /var/www/anainaskincare/api/vendor/yiisoft/yii2/web/Application.php(84): yii\base\Module->runAction('penjualan/cari', Array)
#6 /var/www/anainaskincare/api/vendor/yiisoft/yii2/base/Application.php(375): yii\web\Application->handleRequest(Object(yii\web\Request))
#7 /var/www/anainaskincare/api/web/index.php(12): yii\base\Application->run()
#8 {main}
2015-12-17 15:28:18 [127.0.0.1][-][-][info][application] $_GET = [
    'nama' => 'JUAL/001/0326'
]

$_COOKIE = [
    'YII_CSRF_TOKEN' => '5c6f32a2e0c1911c889ef823b22be4a4e8d82950'
    'PHPSESSID' => 'chp6f4cfqfieq845ka1fkg2571'
]

$_SERVER = [
    'REDIRECT_STATUS' => '200'
    'HTTP_HOST' => 'localhost'
    'HTTP_CONNECTION' => 'keep-alive'
    'HTTP_PRAGMA' => 'no-cache'
    'HTTP_CACHE_CONTROL' => 'no-cache'
    'HTTP_ACCEPT' => 'application/json, text/plain, */*'
    'HTTP_USER_AGENT' => 'Mozilla/5.0 (X11; Linux i686 (x86_64)) AppleWebKit/537.36 (KHTML, like Gecko) Chrome/47.0.2526.80 Safari/537.36'
    'HTTP_REFERER' => 'http://localhost/anainaskincare/'
    'HTTP_ACCEPT_ENCODING' => 'gzip, deflate, sdch'
    'HTTP_ACCEPT_LANGUAGE' => 'en-US,en;q=0.8,id;q=0.6,ms;q=0.4'
    'HTTP_COOKIE' => 'YII_CSRF_TOKEN=5c6f32a2e0c1911c889ef823b22be4a4e8d82950; PHPSESSID=chp6f4cfqfieq845ka1fkg2571'
    'PATH' => '/usr/local/sbin:/usr/local/bin:/usr/sbin:/usr/bin:/sbin:/bin'
    'SERVER_SIGNATURE' => '<address>Apache/2.4.7 (Ubuntu) Server at localhost Port 80</address>
'
    'SERVER_SOFTWARE' => 'Apache/2.4.7 (Ubuntu)'
    'SERVER_NAME' => 'localhost'
    'SERVER_ADDR' => '127.0.0.1'
    'SERVER_PORT' => '80'
    'REMOTE_ADDR' => '127.0.0.1'
    'DOCUMENT_ROOT' => '/var/www'
    'REQUEST_SCHEME' => 'http'
    'CONTEXT_PREFIX' => ''
    'CONTEXT_DOCUMENT_ROOT' => '/var/www'
    'SERVER_ADMIN' => 'webmaster@localhost'
    'SCRIPT_FILENAME' => '/var/www/anainaskincare/api/web/index.php'
    'REMOTE_PORT' => '58164'
    'REDIRECT_QUERY_STRING' => 'nama=JUAL%2F001%2F0326'
    'REDIRECT_URL' => '/anainaskincare/api/web/penjualan/cari'
    'GATEWAY_INTERFACE' => 'CGI/1.1'
    'SERVER_PROTOCOL' => 'HTTP/1.1'
    'REQUEST_METHOD' => 'GET'
    'QUERY_STRING' => 'nama=JUAL%2F001%2F0326'
    'REQUEST_URI' => '/anainaskincare/api/web/penjualan/cari?nama=JUAL%2F001%2F0326'
    'SCRIPT_NAME' => '/anainaskincare/api/web/index.php'
    'PHP_SELF' => '/anainaskincare/api/web/index.php'
    'REQUEST_TIME_FLOAT' => 1450340898.01
    'REQUEST_TIME' => 1450340898
]
2015-12-17 15:28:20 [127.0.0.1][-][-][error][yii\base\ErrorException:8] exception 'yii\base\ErrorException' with message 'Undefined variable: _SESSION' in /var/www/anainaskincare/api/controllers/PenjualanController.php:369
Stack trace:
#0 /var/www/anainaskincare/api/controllers/PenjualanController.php(369): yii\base\ErrorHandler->handleError(8, 'Undefined varia...', '/var/www/anaina...', 369, Array)
#1 [internal function]: app\controllers\PenjualanController->actionCari()
#2 /var/www/anainaskincare/api/vendor/yiisoft/yii2/base/InlineAction.php(55): call_user_func_array(Array, Array)
#3 /var/www/anainaskincare/api/vendor/yiisoft/yii2/base/Controller.php(151): yii\base\InlineAction->runWithParams(Array)
#4 /var/www/anainaskincare/api/vendor/yiisoft/yii2/base/Module.php(455): yii\base\Controller->runAction('cari', Array)
#5 /var/www/anainaskincare/api/vendor/yiisoft/yii2/web/Application.php(84): yii\base\Module->runAction('penjualan/cari', Array)
#6 /var/www/anainaskincare/api/vendor/yiisoft/yii2/base/Application.php(375): yii\web\Application->handleRequest(Object(yii\web\Request))
#7 /var/www/anainaskincare/api/web/index.php(12): yii\base\Application->run()
#8 {main}
2015-12-17 15:28:20 [127.0.0.1][-][-][info][application] $_GET = [
    'nama' => 'JUAL/001/03266'
]

$_COOKIE = [
    'YII_CSRF_TOKEN' => '5c6f32a2e0c1911c889ef823b22be4a4e8d82950'
    'PHPSESSID' => 'chp6f4cfqfieq845ka1fkg2571'
]

$_SERVER = [
    'REDIRECT_STATUS' => '200'
    'HTTP_HOST' => 'localhost'
    'HTTP_CONNECTION' => 'keep-alive'
    'HTTP_PRAGMA' => 'no-cache'
    'HTTP_CACHE_CONTROL' => 'no-cache'
    'HTTP_ACCEPT' => 'application/json, text/plain, */*'
    'HTTP_USER_AGENT' => 'Mozilla/5.0 (X11; Linux i686 (x86_64)) AppleWebKit/537.36 (KHTML, like Gecko) Chrome/47.0.2526.80 Safari/537.36'
    'HTTP_REFERER' => 'http://localhost/anainaskincare/'
    'HTTP_ACCEPT_ENCODING' => 'gzip, deflate, sdch'
    'HTTP_ACCEPT_LANGUAGE' => 'en-US,en;q=0.8,id;q=0.6,ms;q=0.4'
    'HTTP_COOKIE' => 'YII_CSRF_TOKEN=5c6f32a2e0c1911c889ef823b22be4a4e8d82950; PHPSESSID=chp6f4cfqfieq845ka1fkg2571'
    'PATH' => '/usr/local/sbin:/usr/local/bin:/usr/sbin:/usr/bin:/sbin:/bin'
    'SERVER_SIGNATURE' => '<address>Apache/2.4.7 (Ubuntu) Server at localhost Port 80</address>
'
    'SERVER_SOFTWARE' => 'Apache/2.4.7 (Ubuntu)'
    'SERVER_NAME' => 'localhost'
    'SERVER_ADDR' => '127.0.0.1'
    'SERVER_PORT' => '80'
    'REMOTE_ADDR' => '127.0.0.1'
    'DOCUMENT_ROOT' => '/var/www'
    'REQUEST_SCHEME' => 'http'
    'CONTEXT_PREFIX' => ''
    'CONTEXT_DOCUMENT_ROOT' => '/var/www'
    'SERVER_ADMIN' => 'webmaster@localhost'
    'SCRIPT_FILENAME' => '/var/www/anainaskincare/api/web/index.php'
    'REMOTE_PORT' => '58165'
    'REDIRECT_QUERY_STRING' => 'nama=JUAL%2F001%2F03266'
    'REDIRECT_URL' => '/anainaskincare/api/web/penjualan/cari'
    'GATEWAY_INTERFACE' => 'CGI/1.1'
    'SERVER_PROTOCOL' => 'HTTP/1.1'
    'REQUEST_METHOD' => 'GET'
    'QUERY_STRING' => 'nama=JUAL%2F001%2F03266'
    'REQUEST_URI' => '/anainaskincare/api/web/penjualan/cari?nama=JUAL%2F001%2F03266'
    'SCRIPT_NAME' => '/anainaskincare/api/web/index.php'
    'PHP_SELF' => '/anainaskincare/api/web/index.php'
    'REQUEST_TIME_FLOAT' => 1450340900.167
    'REQUEST_TIME' => 1450340900
]
2015-12-17 15:28:29 [127.0.0.1][-][-][error][yii\base\ErrorException:8] exception 'yii\base\ErrorException' with message 'Undefined variable: _SESSION' in /var/www/anainaskincare/api/controllers/PenjualanController.php:369
Stack trace:
#0 /var/www/anainaskincare/api/controllers/PenjualanController.php(369): yii\base\ErrorHandler->handleError(8, 'Undefined varia...', '/var/www/anaina...', 369, Array)
#1 [internal function]: app\controllers\PenjualanController->actionCari()
#2 /var/www/anainaskincare/api/vendor/yiisoft/yii2/base/InlineAction.php(55): call_user_func_array(Array, Array)
#3 /var/www/anainaskincare/api/vendor/yiisoft/yii2/base/Controller.php(151): yii\base\InlineAction->runWithParams(Array)
#4 /var/www/anainaskincare/api/vendor/yiisoft/yii2/base/Module.php(455): yii\base\Controller->runAction('cari', Array)
#5 /var/www/anainaskincare/api/vendor/yiisoft/yii2/web/Application.php(84): yii\base\Module->runAction('penjualan/cari', Array)
#6 /var/www/anainaskincare/api/vendor/yiisoft/yii2/base/Application.php(375): yii\web\Application->handleRequest(Object(yii\web\Request))
#7 /var/www/anainaskincare/api/web/index.php(12): yii\base\Application->run()
#8 {main}
2015-12-17 15:28:29 [127.0.0.1][-][-][info][application] $_GET = [
    'nama' => 'JUAL/001/0326'
]

$_COOKIE = [
    'YII_CSRF_TOKEN' => '5c6f32a2e0c1911c889ef823b22be4a4e8d82950'
    'PHPSESSID' => 'chp6f4cfqfieq845ka1fkg2571'
]

$_SERVER = [
    'REDIRECT_STATUS' => '200'
    'HTTP_HOST' => 'localhost'
    'HTTP_CONNECTION' => 'keep-alive'
    'HTTP_PRAGMA' => 'no-cache'
    'HTTP_CACHE_CONTROL' => 'no-cache'
    'HTTP_ACCEPT' => 'application/json, text/plain, */*'
    'HTTP_USER_AGENT' => 'Mozilla/5.0 (X11; Linux i686 (x86_64)) AppleWebKit/537.36 (KHTML, like Gecko) Chrome/47.0.2526.80 Safari/537.36'
    'HTTP_REFERER' => 'http://localhost/anainaskincare/'
    'HTTP_ACCEPT_ENCODING' => 'gzip, deflate, sdch'
    'HTTP_ACCEPT_LANGUAGE' => 'en-US,en;q=0.8,id;q=0.6,ms;q=0.4'
    'HTTP_COOKIE' => 'YII_CSRF_TOKEN=5c6f32a2e0c1911c889ef823b22be4a4e8d82950; PHPSESSID=chp6f4cfqfieq845ka1fkg2571'
    'PATH' => '/usr/local/sbin:/usr/local/bin:/usr/sbin:/usr/bin:/sbin:/bin'
    'SERVER_SIGNATURE' => '<address>Apache/2.4.7 (Ubuntu) Server at localhost Port 80</address>
'
    'SERVER_SOFTWARE' => 'Apache/2.4.7 (Ubuntu)'
    'SERVER_NAME' => 'localhost'
    'SERVER_ADDR' => '127.0.0.1'
    'SERVER_PORT' => '80'
    'REMOTE_ADDR' => '127.0.0.1'
    'DOCUMENT_ROOT' => '/var/www'
    'REQUEST_SCHEME' => 'http'
    'CONTEXT_PREFIX' => ''
    'CONTEXT_DOCUMENT_ROOT' => '/var/www'
    'SERVER_ADMIN' => 'webmaster@localhost'
    'SCRIPT_FILENAME' => '/var/www/anainaskincare/api/web/index.php'
    'REMOTE_PORT' => '58166'
    'REDIRECT_QUERY_STRING' => 'nama=JUAL%2F001%2F0326'
    'REDIRECT_URL' => '/anainaskincare/api/web/penjualan/cari'
    'GATEWAY_INTERFACE' => 'CGI/1.1'
    'SERVER_PROTOCOL' => 'HTTP/1.1'
    'REQUEST_METHOD' => 'GET'
    'QUERY_STRING' => 'nama=JUAL%2F001%2F0326'
    'REQUEST_URI' => '/anainaskincare/api/web/penjualan/cari?nama=JUAL%2F001%2F0326'
    'SCRIPT_NAME' => '/anainaskincare/api/web/index.php'
    'PHP_SELF' => '/anainaskincare/api/web/index.php'
    'REQUEST_TIME_FLOAT' => 1450340909.292
    'REQUEST_TIME' => 1450340909
]
2015-12-17 15:28:47 [127.0.0.1][-][-][error][yii\base\ErrorException:8] exception 'yii\base\ErrorException' with message 'Undefined variable: _SESSION' in /var/www/anainaskincare/api/controllers/PenjualanController.php:369
Stack trace:
#0 /var/www/anainaskincare/api/controllers/PenjualanController.php(369): yii\base\ErrorHandler->handleError(8, 'Undefined varia...', '/var/www/anaina...', 369, Array)
#1 [internal function]: app\controllers\PenjualanController->actionCari()
#2 /var/www/anainaskincare/api/vendor/yiisoft/yii2/base/InlineAction.php(55): call_user_func_array(Array, Array)
#3 /var/www/anainaskincare/api/vendor/yiisoft/yii2/base/Controller.php(151): yii\base\InlineAction->runWithParams(Array)
#4 /var/www/anainaskincare/api/vendor/yiisoft/yii2/base/Module.php(455): yii\base\Controller->runAction('cari', Array)
#5 /var/www/anainaskincare/api/vendor/yiisoft/yii2/web/Application.php(84): yii\base\Module->runAction('penjualan/cari', Array)
#6 /var/www/anainaskincare/api/vendor/yiisoft/yii2/base/Application.php(375): yii\web\Application->handleRequest(Object(yii\web\Request))
#7 /var/www/anainaskincare/api/web/index.php(12): yii\base\Application->run()
#8 {main}
2015-12-17 15:28:47 [127.0.0.1][-][-][info][application] $_GET = [
    'nama' => 'JUAL/001/03266'
]

$_COOKIE = [
    'YII_CSRF_TOKEN' => '5c6f32a2e0c1911c889ef823b22be4a4e8d82950'
    'PHPSESSID' => 'chp6f4cfqfieq845ka1fkg2571'
]

$_SERVER = [
    'REDIRECT_STATUS' => '200'
    'HTTP_HOST' => 'localhost'
    'HTTP_CONNECTION' => 'keep-alive'
    'HTTP_PRAGMA' => 'no-cache'
    'HTTP_CACHE_CONTROL' => 'no-cache'
    'HTTP_ACCEPT' => 'application/json, text/plain, */*'
    'HTTP_USER_AGENT' => 'Mozilla/5.0 (X11; Linux i686 (x86_64)) AppleWebKit/537.36 (KHTML, like Gecko) Chrome/47.0.2526.80 Safari/537.36'
    'HTTP_REFERER' => 'http://localhost/anainaskincare/'
    'HTTP_ACCEPT_ENCODING' => 'gzip, deflate, sdch'
    'HTTP_ACCEPT_LANGUAGE' => 'en-US,en;q=0.8,id;q=0.6,ms;q=0.4'
    'HTTP_COOKIE' => 'YII_CSRF_TOKEN=5c6f32a2e0c1911c889ef823b22be4a4e8d82950; PHPSESSID=chp6f4cfqfieq845ka1fkg2571'
    'PATH' => '/usr/local/sbin:/usr/local/bin:/usr/sbin:/usr/bin:/sbin:/bin'
    'SERVER_SIGNATURE' => '<address>Apache/2.4.7 (Ubuntu) Server at localhost Port 80</address>
'
    'SERVER_SOFTWARE' => 'Apache/2.4.7 (Ubuntu)'
    'SERVER_NAME' => 'localhost'
    'SERVER_ADDR' => '127.0.0.1'
    'SERVER_PORT' => '80'
    'REMOTE_ADDR' => '127.0.0.1'
    'DOCUMENT_ROOT' => '/var/www'
    'REQUEST_SCHEME' => 'http'
    'CONTEXT_PREFIX' => ''
    'CONTEXT_DOCUMENT_ROOT' => '/var/www'
    'SERVER_ADMIN' => 'webmaster@localhost'
    'SCRIPT_FILENAME' => '/var/www/anainaskincare/api/web/index.php'
    'REMOTE_PORT' => '58173'
    'REDIRECT_QUERY_STRING' => 'nama=JUAL%2F001%2F03266'
    'REDIRECT_URL' => '/anainaskincare/api/web/penjualan/cari'
    'GATEWAY_INTERFACE' => 'CGI/1.1'
    'SERVER_PROTOCOL' => 'HTTP/1.1'
    'REQUEST_METHOD' => 'GET'
    'QUERY_STRING' => 'nama=JUAL%2F001%2F03266'
    'REQUEST_URI' => '/anainaskincare/api/web/penjualan/cari?nama=JUAL%2F001%2F03266'
    'SCRIPT_NAME' => '/anainaskincare/api/web/index.php'
    'PHP_SELF' => '/anainaskincare/api/web/index.php'
    'REQUEST_TIME_FLOAT' => 1450340927.184
    'REQUEST_TIME' => 1450340927
]
